{"/Users/alfiahsanitaqwim/Documents/cars-a/api/config.ts": {"path":"/Users/alfiahsanitaqwim/Documents/cars-a/api/config.ts","statementMap":{"0":{"start":{"line":1,"column":14},"end":{"line":5,"column":2}}},"fnMap":{},"branchMap":{},"s":{"0":1},"f":{},"b":{}}
,"/Users/alfiahsanitaqwim/Documents/cars-a/api/index.ts": {"path":"/Users/alfiahsanitaqwim/Documents/cars-a/api/index.ts","statementMap":{"0":{"start":{"line":4,"column":0},"end":{"line":4,"column":34}},"1":{"start":{"line":6,"column":16},"end":{"line":6,"column":36}},"2":{"start":{"line":7,"column":13},"end":{"line":7,"column":28}},"3":{"start":{"line":8,"column":18},"end":{"line":8,"column":36}},"4":{"start":{"line":9,"column":23},"end":{"line":9,"column":64}},"5":{"start":{"line":10,"column":18},"end":{"line":10,"column":51}},"6":{"start":{"line":11,"column":19},"end":{"line":11,"column":53}},"7":{"start":{"line":12,"column":19},"end":{"line":12,"column":53}},"8":{"start":{"line":13,"column":15},"end":{"line":13,"column":49}},"9":{"start":{"line":15,"column":18},"end":{"line":15,"column":47}},"10":{"start":{"line":16,"column":11},"end":{"line":16,"column":24}},"11":{"start":{"line":17,"column":13},"end":{"line":17,"column":28}},"12":{"start":{"line":18,"column":14},"end":{"line":18,"column":55}},"13":{"start":{"line":19,"column":24},"end":{"line":19,"column":40}},"14":{"start":{"line":23,"column":21},"end":{"line":23,"column":32}},"15":{"start":{"line":24,"column":19},"end":{"line":24,"column":43}},"16":{"start":{"line":25,"column":21},"end":{"line":32,"column":2}},"17":{"start":{"line":34,"column":21},"end":{"line":34,"column":25}},"18":{"start":{"line":36,"column":0},"end":{"line":36,"column":25}},"19":{"start":{"line":38,"column":0},"end":{"line":42,"column":3}},"20":{"start":{"line":44,"column":0},"end":{"line":49,"column":3}},"21":{"start":{"line":45,"column":1},"end":{"line":45,"column":48}},"22":{"start":{"line":46,"column":1},"end":{"line":46,"column":67}},"23":{"start":{"line":47,"column":1},"end":{"line":47,"column":75}},"24":{"start":{"line":48,"column":1},"end":{"line":48,"column":8}},"25":{"start":{"line":52,"column":0},"end":{"line":52,"column":30}},"26":{"start":{"line":53,"column":0},"end":{"line":53,"column":31}},"27":{"start":{"line":54,"column":0},"end":{"line":54,"column":72}},"28":{"start":{"line":55,"column":0},"end":{"line":55,"column":36}},"29":{"start":{"line":56,"column":0},"end":{"line":56,"column":32}},"30":{"start":{"line":57,"column":0},"end":{"line":57,"column":22}},"31":{"start":{"line":61,"column":0},"end":{"line":61,"column":31}},"32":{"start":{"line":62,"column":0},"end":{"line":62,"column":33}},"33":{"start":{"line":63,"column":0},"end":{"line":63,"column":32}},"34":{"start":{"line":66,"column":0},"end":{"line":83,"column":3}},"35":{"start":{"line":67,"column":20},"end":{"line":67,"column":54}},"36":{"start":{"line":68,"column":14},"end":{"line":68,"column":62}},"37":{"start":{"line":71,"column":1},"end":{"line":82,"column":4}},"38":{"start":{"line":72,"column":2},"end":{"line":76,"column":null}},"39":{"start":{"line":73,"column":3},"end":{"line":75,"column":6}},"40":{"start":{"line":78,"column":2},"end":{"line":81,"column":5}},"41":{"start":{"line":85,"column":0},"end":{"line":87,"column":4}},"42":{"start":{"line":86,"column":1},"end":{"line":86,"column":45}},"43":{"start":{"line":89,"column":0},"end":{"line":89,"column":19}}},"fnMap":{"0":{"name":"(anonymous_0)","decl":{"start":{"line":44,"column":8},"end":{"line":44,"column":9}},"loc":{"start":{"line":44,"column":42},"end":{"line":49,"column":1}}},"1":{"name":"(anonymous_1)","decl":{"start":{"line":66,"column":55},"end":{"line":66,"column":56}},"loc":{"start":{"line":66,"column":67},"end":{"line":83,"column":1}}},"2":{"name":"(anonymous_2)","decl":{"start":{"line":71,"column":34},"end":{"line":71,"column":35}},"loc":{"start":{"line":71,"column":49},"end":{"line":82,"column":2}}},"3":{"name":"(anonymous_3)","decl":{"start":{"line":85,"column":17},"end":{"line":85,"column":19}},"loc":{"start":{"line":85,"column":21},"end":{"line":87,"column":1}}}},"branchMap":{"0":{"loc":{"start":{"line":72,"column":2},"end":{"line":76,"column":null}},"type":"if","locations":[{"start":{"line":72,"column":2},"end":{"line":76,"column":null}}]}},"s":{"0":1,"1":1,"2":1,"3":1,"4":1,"5":1,"6":1,"7":1,"8":1,"9":1,"10":1,"11":1,"12":1,"13":1,"14":1,"15":1,"16":1,"17":1,"18":1,"19":1,"20":1,"21":7,"22":7,"23":7,"24":7,"25":1,"26":1,"27":1,"28":1,"29":1,"30":1,"31":1,"32":1,"33":1,"34":1,"35":0,"36":0,"37":0,"38":0,"39":0,"40":0,"41":1,"42":1,"43":1},"f":{"0":7,"1":0,"2":0,"3":1},"b":{"0":[0]}}
,"/Users/alfiahsanitaqwim/Documents/cars-a/api/src/controllers/authControllers.ts": {"path":"/Users/alfiahsanitaqwim/Documents/cars-a/api/src/controllers/authControllers.ts","statementMap":{"0":{"start":{"line":4,"column":0},"end":{"line":4,"column":44}},"1":{"start":{"line":5,"column":0},"end":{"line":5,"column":31}},"2":{"start":{"line":7,"column":0},"end":{"line":7,"column":55}},"3":{"start":{"line":8,"column":0},"end":{"line":8,"column":59}},"4":{"start":{"line":15,"column":27},"end":{"line":17,"column":1}},"5":{"start":{"line":16,"column":1},"end":{"line":16,"column":66}},"6":{"start":{"line":15,"column":13},"end":{"line":15,"column":27}},"7":{"start":{"line":19,"column":23},"end":{"line":51,"column":2}},"8":{"start":{"line":19,"column":60},"end":{"line":51,"column":2}},"9":{"start":{"line":20,"column":15},"end":{"line":20,"column":50}},"10":{"start":{"line":21,"column":18},"end":{"line":21,"column":41}},"11":{"start":{"line":22,"column":14},"end":{"line":22,"column":50}},"12":{"start":{"line":24,"column":1},"end":{"line":28,"column":null}},"13":{"start":{"line":25,"column":2},"end":{"line":27,"column":5}},"14":{"start":{"line":30,"column":25},"end":{"line":30,"column":69}},"15":{"start":{"line":32,"column":1},"end":{"line":36,"column":null}},"16":{"start":{"line":33,"column":2},"end":{"line":35,"column":5}},"17":{"start":{"line":38,"column":15},"end":{"line":43,"column":3}},"18":{"start":{"line":45,"column":1},"end":{"line":50,"column":4}},"19":{"start":{"line":19,"column":13},"end":{"line":19,"column":23}},"20":{"start":{"line":53,"column":24},"end":{"line":72,"column":2}},"21":{"start":{"line":53,"column":62},"end":{"line":72,"column":2}},"22":{"start":{"line":54,"column":15},"end":{"line":54,"column":29}},"23":{"start":{"line":55,"column":18},"end":{"line":55,"column":41}},"24":{"start":{"line":57,"column":1},"end":{"line":71,"column":null}},"25":{"start":{"line":58,"column":33},"end":{"line":58,"column":64}},"26":{"start":{"line":60,"column":2},"end":{"line":60,"column":71}},"27":{"start":{"line":62,"column":2},"end":{"line":64,"column":5}},"28":{"start":{"line":67,"column":2},"end":{"line":70,"column":5}},"29":{"start":{"line":53,"column":13},"end":{"line":53,"column":24}}},"fnMap":{"0":{"name":"(anonymous_8)","decl":{"start":{"line":15,"column":27},"end":{"line":15,"column":28}},"loc":{"start":{"line":15,"column":52},"end":{"line":17,"column":1}}},"1":{"name":"(anonymous_9)","decl":{"start":{"line":19,"column":23},"end":{"line":19,"column":30}},"loc":{"start":{"line":19,"column":60},"end":{"line":51,"column":2}}},"2":{"name":"(anonymous_10)","decl":{"start":{"line":19,"column":60},"end":{"line":19,"column":null}},"loc":{"start":{"line":19,"column":60},"end":{"line":51,"column":1}}},"3":{"name":"(anonymous_11)","decl":{"start":{"line":53,"column":24},"end":{"line":53,"column":31}},"loc":{"start":{"line":53,"column":62},"end":{"line":72,"column":2}}},"4":{"name":"(anonymous_12)","decl":{"start":{"line":53,"column":62},"end":{"line":53,"column":null}},"loc":{"start":{"line":53,"column":62},"end":{"line":72,"column":1}}}},"branchMap":{"0":{"loc":{"start":{"line":16,"column":26},"end":{"line":16,"column":64}},"type":"binary-expr","locations":[{"start":{"line":16,"column":26},"end":{"line":16,"column":51}},{"start":{"line":16,"column":55},"end":{"line":16,"column":64}}]},"1":{"loc":{"start":{"line":21,"column":18},"end":{"line":21,"column":41}},"type":"binary-expr","locations":[{"start":{"line":21,"column":18},"end":{"line":21,"column":35}},{"start":{"line":21,"column":39},"end":{"line":21,"column":41}}]},"2":{"loc":{"start":{"line":24,"column":1},"end":{"line":28,"column":null}},"type":"if","locations":[{"start":{"line":24,"column":1},"end":{"line":28,"column":null}}]},"3":{"loc":{"start":{"line":32,"column":1},"end":{"line":36,"column":null}},"type":"if","locations":[{"start":{"line":32,"column":1},"end":{"line":36,"column":null}}]},"4":{"loc":{"start":{"line":55,"column":18},"end":{"line":55,"column":41}},"type":"binary-expr","locations":[{"start":{"line":55,"column":18},"end":{"line":55,"column":35}},{"start":{"line":55,"column":39},"end":{"line":55,"column":41}}]}},"s":{"0":1,"1":1,"2":1,"3":1,"4":1,"5":2,"6":1,"7":1,"8":2,"9":2,"10":2,"11":2,"12":2,"13":0,"14":2,"15":2,"16":0,"17":2,"18":2,"19":1,"20":1,"21":0,"22":0,"23":0,"24":0,"25":0,"26":0,"27":0,"28":0,"29":1},"f":{"0":2,"1":2,"2":2,"3":0,"4":0},"b":{"0":[2,2],"1":[2,0],"2":[0],"3":[0],"4":[0,0]}}
,"/Users/alfiahsanitaqwim/Documents/cars-a/api/src/controllers/carsControllers.ts": {"path":"/Users/alfiahsanitaqwim/Documents/cars-a/api/src/controllers/carsControllers.ts","statementMap":{"0":{"start":{"line":1,"column":0},"end":{"line":1,"column":42}},"1":{"start":{"line":3,"column":0},"end":{"line":3,"column":49}},"2":{"start":{"line":5,"column":19},"end":{"line":17,"column":2}},"3":{"start":{"line":5,"column":55},"end":{"line":17,"column":2}},"4":{"start":{"line":6,"column":1},"end":{"line":16,"column":4}},"5":{"start":{"line":7,"column":2},"end":{"line":10,"column":5}},"6":{"start":{"line":12,"column":2},"end":{"line":15,"column":5}},"7":{"start":{"line":5,"column":13},"end":{"line":5,"column":19}},"8":{"start":{"line":19,"column":23},"end":{"line":32,"column":2}},"9":{"start":{"line":19,"column":59},"end":{"line":32,"column":2}},"10":{"start":{"line":20,"column":12},"end":{"line":20,"column":25}},"11":{"start":{"line":21,"column":1},"end":{"line":31,"column":4}},"12":{"start":{"line":22,"column":2},"end":{"line":25,"column":5}},"13":{"start":{"line":27,"column":2},"end":{"line":30,"column":5}},"14":{"start":{"line":19,"column":13},"end":{"line":19,"column":23}},"15":{"start":{"line":34,"column":20},"end":{"line":56,"column":2}},"16":{"start":{"line":34,"column":57},"end":{"line":56,"column":2}},"17":{"start":{"line":35,"column":14},"end":{"line":38,"column":3}},"18":{"start":{"line":39,"column":1},"end":{"line":55,"column":null}},"19":{"start":{"line":40,"column":2},"end":{"line":50,"column":5}},"20":{"start":{"line":41,"column":3},"end":{"line":44,"column":6}},"21":{"start":{"line":46,"column":3},"end":{"line":49,"column":6}},"22":{"start":{"line":52,"column":2},"end":{"line":54,"column":5}},"23":{"start":{"line":34,"column":13},"end":{"line":34,"column":20}},"24":{"start":{"line":58,"column":26},"end":{"line":82,"column":2}},"25":{"start":{"line":58,"column":63},"end":{"line":82,"column":2}},"26":{"start":{"line":59,"column":14},"end":{"line":62,"column":3}},"27":{"start":{"line":63,"column":19},"end":{"line":63,"column":29}},"28":{"start":{"line":64,"column":17},"end":{"line":64,"column":36}},"29":{"start":{"line":65,"column":1},"end":{"line":81,"column":null}},"30":{"start":{"line":66,"column":2},"end":{"line":76,"column":5}},"31":{"start":{"line":67,"column":3},"end":{"line":70,"column":6}},"32":{"start":{"line":72,"column":3},"end":{"line":75,"column":6}},"33":{"start":{"line":78,"column":2},"end":{"line":80,"column":5}},"34":{"start":{"line":58,"column":13},"end":{"line":58,"column":26}},"35":{"start":{"line":84,"column":26},"end":{"line":106,"column":2}},"36":{"start":{"line":84,"column":63},"end":{"line":106,"column":2}},"37":{"start":{"line":85,"column":14},"end":{"line":88,"column":3}},"38":{"start":{"line":89,"column":1},"end":{"line":105,"column":null}},"39":{"start":{"line":90,"column":2},"end":{"line":100,"column":5}},"40":{"start":{"line":91,"column":3},"end":{"line":94,"column":6}},"41":{"start":{"line":96,"column":3},"end":{"line":99,"column":6}},"42":{"start":{"line":102,"column":2},"end":{"line":104,"column":5}},"43":{"start":{"line":84,"column":13},"end":{"line":84,"column":26}}},"fnMap":{"0":{"name":"(anonymous_8)","decl":{"start":{"line":5,"column":19},"end":{"line":5,"column":26}},"loc":{"start":{"line":5,"column":55},"end":{"line":17,"column":2}}},"1":{"name":"(anonymous_9)","decl":{"start":{"line":5,"column":55},"end":{"line":5,"column":null}},"loc":{"start":{"line":5,"column":55},"end":{"line":17,"column":1}}},"2":{"name":"(anonymous_10)","decl":{"start":{"line":6,"column":32},"end":{"line":6,"column":33}},"loc":{"start":{"line":6,"column":44},"end":{"line":11,"column":2}}},"3":{"name":"(anonymous_11)","decl":{"start":{"line":11,"column":10},"end":{"line":11,"column":11}},"loc":{"start":{"line":11,"column":17},"end":{"line":16,"column":2}}},"4":{"name":"(anonymous_12)","decl":{"start":{"line":19,"column":23},"end":{"line":19,"column":30}},"loc":{"start":{"line":19,"column":59},"end":{"line":32,"column":2}}},"5":{"name":"(anonymous_13)","decl":{"start":{"line":19,"column":59},"end":{"line":19,"column":null}},"loc":{"start":{"line":19,"column":59},"end":{"line":32,"column":1}}},"6":{"name":"(anonymous_14)","decl":{"start":{"line":21,"column":35},"end":{"line":21,"column":36}},"loc":{"start":{"line":21,"column":47},"end":{"line":26,"column":2}}},"7":{"name":"(anonymous_15)","decl":{"start":{"line":26,"column":10},"end":{"line":26,"column":11}},"loc":{"start":{"line":26,"column":17},"end":{"line":31,"column":2}}},"8":{"name":"(anonymous_16)","decl":{"start":{"line":34,"column":20},"end":{"line":34,"column":27}},"loc":{"start":{"line":34,"column":57},"end":{"line":56,"column":2}}},"9":{"name":"(anonymous_17)","decl":{"start":{"line":34,"column":57},"end":{"line":34,"column":null}},"loc":{"start":{"line":34,"column":57},"end":{"line":56,"column":1}}},"10":{"name":"(anonymous_18)","decl":{"start":{"line":40,"column":34},"end":{"line":40,"column":35}},"loc":{"start":{"line":40,"column":46},"end":{"line":45,"column":3}}},"11":{"name":"(anonymous_19)","decl":{"start":{"line":45,"column":11},"end":{"line":45,"column":12}},"loc":{"start":{"line":45,"column":18},"end":{"line":50,"column":3}}},"12":{"name":"(anonymous_20)","decl":{"start":{"line":58,"column":26},"end":{"line":58,"column":33}},"loc":{"start":{"line":58,"column":63},"end":{"line":82,"column":2}}},"13":{"name":"(anonymous_21)","decl":{"start":{"line":58,"column":63},"end":{"line":58,"column":null}},"loc":{"start":{"line":58,"column":63},"end":{"line":82,"column":1}}},"14":{"name":"(anonymous_22)","decl":{"start":{"line":66,"column":45},"end":{"line":66,"column":46}},"loc":{"start":{"line":66,"column":57},"end":{"line":71,"column":3}}},"15":{"name":"(anonymous_23)","decl":{"start":{"line":71,"column":11},"end":{"line":71,"column":12}},"loc":{"start":{"line":71,"column":18},"end":{"line":76,"column":3}}},"16":{"name":"(anonymous_24)","decl":{"start":{"line":84,"column":26},"end":{"line":84,"column":33}},"loc":{"start":{"line":84,"column":63},"end":{"line":106,"column":2}}},"17":{"name":"(anonymous_25)","decl":{"start":{"line":84,"column":63},"end":{"line":84,"column":null}},"loc":{"start":{"line":84,"column":63},"end":{"line":106,"column":1}}},"18":{"name":"(anonymous_26)","decl":{"start":{"line":90,"column":36},"end":{"line":90,"column":37}},"loc":{"start":{"line":90,"column":48},"end":{"line":95,"column":3}}},"19":{"name":"(anonymous_27)","decl":{"start":{"line":95,"column":11},"end":{"line":95,"column":12}},"loc":{"start":{"line":95,"column":18},"end":{"line":100,"column":3}}}},"branchMap":{"0":{"loc":{"start":{"line":39,"column":1},"end":{"line":55,"column":null}},"type":"if","locations":[{"start":{"line":39,"column":1},"end":{"line":55,"column":null}},{"start":{"line":51,"column":6},"end":{"line":55,"column":null}}]},"1":{"loc":{"start":{"line":65,"column":1},"end":{"line":81,"column":null}},"type":"if","locations":[{"start":{"line":65,"column":1},"end":{"line":81,"column":null}},{"start":{"line":77,"column":7},"end":{"line":81,"column":null}}]},"2":{"loc":{"start":{"line":89,"column":1},"end":{"line":105,"column":null}},"type":"if","locations":[{"start":{"line":89,"column":1},"end":{"line":105,"column":null}},{"start":{"line":101,"column":6},"end":{"line":105,"column":null}}]}},"s":{"0":1,"1":1,"2":1,"3":1,"4":1,"5":1,"6":0,"7":1,"8":1,"9":1,"10":1,"11":1,"12":1,"13":0,"14":1,"15":1,"16":1,"17":1,"18":1,"19":0,"20":0,"21":0,"22":1,"23":1,"24":1,"25":0,"26":0,"27":0,"28":0,"29":0,"30":0,"31":0,"32":0,"33":0,"34":1,"35":1,"36":1,"37":1,"38":1,"39":0,"40":0,"41":0,"42":1,"43":1},"f":{"0":1,"1":1,"2":1,"3":0,"4":1,"5":1,"6":1,"7":0,"8":1,"9":1,"10":0,"11":0,"12":0,"13":0,"14":0,"15":0,"16":1,"17":1,"18":0,"19":0},"b":{"0":[0,1],"1":[0,0],"2":[0,1]}}
,"/Users/alfiahsanitaqwim/Documents/cars-a/api/src/controllers/logController.ts": {"path":"/Users/alfiahsanitaqwim/Documents/cars-a/api/src/controllers/logController.ts","statementMap":{"0":{"start":{"line":1,"column":0},"end":{"line":1,"column":61}},"1":{"start":{"line":3,"column":22},"end":{"line":8,"column":2}},"2":{"start":{"line":3,"column":57},"end":{"line":8,"column":2}},"3":{"start":{"line":4,"column":1},"end":{"line":7,"column":19}},"4":{"start":{"line":3,"column":13},"end":{"line":3,"column":22}}},"fnMap":{"0":{"name":"(anonymous_7)","decl":{"start":{"line":3,"column":22},"end":{"line":3,"column":29}},"loc":{"start":{"line":3,"column":57},"end":{"line":8,"column":2}}},"1":{"name":"(anonymous_8)","decl":{"start":{"line":3,"column":57},"end":{"line":3,"column":null}},"loc":{"start":{"line":3,"column":57},"end":{"line":8,"column":1}}}},"branchMap":{},"s":{"0":1,"1":1,"2":0,"3":0,"4":1},"f":{"0":0,"1":0},"b":{}}
,"/Users/alfiahsanitaqwim/Documents/cars-a/api/src/controllers/userRolesController.ts": {"path":"/Users/alfiahsanitaqwim/Documents/cars-a/api/src/controllers/userRolesController.ts","statementMap":{"0":{"start":{"line":3,"column":0},"end":{"line":3,"column":31}},"1":{"start":{"line":9,"column":24},"end":{"line":32,"column":2}},"2":{"start":{"line":9,"column":47},"end":{"line":32,"column":2}},"3":{"start":{"line":10,"column":23},"end":{"line":10,"column":28}},"4":{"start":{"line":11,"column":1},"end":{"line":31,"column":null}},"5":{"start":{"line":12,"column":22},"end":{"line":12,"column":47}},"6":{"start":{"line":13,"column":16},"end":{"line":13,"column":56}},"7":{"start":{"line":14,"column":27},"end":{"line":14,"column":90}},"8":{"start":{"line":15,"column":2},"end":{"line":27,"column":null}},"9":{"start":{"line":16,"column":3},"end":{"line":18,"column":null}},"10":{"start":{"line":17,"column":4},"end":{"line":17,"column":16}},"11":{"start":{"line":19,"column":9},"end":{"line":27,"column":null}},"12":{"start":{"line":20,"column":3},"end":{"line":22,"column":null}},"13":{"start":{"line":21,"column":4},"end":{"line":21,"column":16}},"14":{"start":{"line":23,"column":8},"end":{"line":27,"column":null}},"15":{"start":{"line":24,"column":3},"end":{"line":26,"column":null}},"16":{"start":{"line":25,"column":4},"end":{"line":25,"column":16}},"17":{"start":{"line":28,"column":2},"end":{"line":28,"column":15}},"18":{"start":{"line":30,"column":2},"end":{"line":30,"column":15}},"19":{"start":{"line":9,"column":13},"end":{"line":9,"column":24}}},"fnMap":{"0":{"name":"(anonymous_8)","decl":{"start":{"line":9,"column":24},"end":{"line":9,"column":31}},"loc":{"start":{"line":9,"column":47},"end":{"line":32,"column":2}}},"1":{"name":"(anonymous_9)","decl":{"start":{"line":9,"column":47},"end":{"line":9,"column":null}},"loc":{"start":{"line":9,"column":47},"end":{"line":32,"column":1}}}},"branchMap":{"0":{"loc":{"start":{"line":13,"column":16},"end":{"line":13,"column":56}},"type":"binary-expr","locations":[{"start":{"line":13,"column":16},"end":{"line":13,"column":50}},{"start":{"line":13,"column":54},"end":{"line":13,"column":56}}]},"1":{"loc":{"start":{"line":13,"column":16},"end":{"line":13,"column":50}},"type":"cond-expr","locations":[{"start":{"line":13,"column":45},"end":{"line":13,"column":48}},{"start":{"line":13,"column":45},"end":{"line":13,"column":50}}]},"2":{"loc":{"start":{"line":13,"column":16},"end":{"line":13,"column":48}},"type":"binary-expr","locations":[{"start":{"line":13,"column":16},"end":{"line":13,"column":48}},{"start":{"line":13,"column":45},"end":{"line":13,"column":48}}]},"3":{"loc":{"start":{"line":13,"column":16},"end":{"line":13,"column":45}},"type":"cond-expr","locations":[{"start":{"line":13,"column":27},"end":{"line":13,"column":29}},{"start":{"line":13,"column":16},"end":{"line":13,"column":45}}]},"4":{"loc":{"start":{"line":13,"column":16},"end":{"line":13,"column":29}},"type":"binary-expr","locations":[{"start":{"line":13,"column":16},"end":{"line":13,"column":29}},{"start":{"line":13,"column":16},"end":{"line":13,"column":29}}]},"5":{"loc":{"start":{"line":14,"column":51},"end":{"line":14,"column":89}},"type":"binary-expr","locations":[{"start":{"line":14,"column":51},"end":{"line":14,"column":76}},{"start":{"line":14,"column":80},"end":{"line":14,"column":89}}]},"6":{"loc":{"start":{"line":15,"column":2},"end":{"line":27,"column":null}},"type":"if","locations":[{"start":{"line":15,"column":2},"end":{"line":27,"column":null}},{"start":{"line":19,"column":9},"end":{"line":27,"column":null}}]},"7":{"loc":{"start":{"line":16,"column":3},"end":{"line":18,"column":null}},"type":"if","locations":[{"start":{"line":16,"column":3},"end":{"line":18,"column":null}}]},"8":{"loc":{"start":{"line":16,"column":6},"end":{"line":16,"column":24}},"type":"cond-expr","locations":[{"start":{"line":16,"column":18},"end":{"line":16,"column":20}},{"start":{"line":16,"column":6},"end":{"line":16,"column":24}}]},"9":{"loc":{"start":{"line":16,"column":6},"end":{"line":16,"column":20}},"type":"binary-expr","locations":[{"start":{"line":16,"column":6},"end":{"line":16,"column":20}},{"start":{"line":16,"column":6},"end":{"line":16,"column":20}}]},"10":{"loc":{"start":{"line":19,"column":9},"end":{"line":27,"column":null}},"type":"if","locations":[{"start":{"line":19,"column":9},"end":{"line":27,"column":null}},{"start":{"line":23,"column":8},"end":{"line":27,"column":null}}]},"11":{"loc":{"start":{"line":20,"column":3},"end":{"line":22,"column":null}},"type":"if","locations":[{"start":{"line":20,"column":3},"end":{"line":22,"column":null}}]},"12":{"loc":{"start":{"line":20,"column":6},"end":{"line":20,"column":24}},"type":"cond-expr","locations":[{"start":{"line":20,"column":18},"end":{"line":20,"column":20}},{"start":{"line":20,"column":6},"end":{"line":20,"column":24}}]},"13":{"loc":{"start":{"line":20,"column":6},"end":{"line":20,"column":20}},"type":"binary-expr","locations":[{"start":{"line":20,"column":6},"end":{"line":20,"column":20}},{"start":{"line":20,"column":6},"end":{"line":20,"column":20}}]},"14":{"loc":{"start":{"line":23,"column":8},"end":{"line":27,"column":null}},"type":"if","locations":[{"start":{"line":23,"column":8},"end":{"line":27,"column":null}}]},"15":{"loc":{"start":{"line":24,"column":3},"end":{"line":26,"column":null}},"type":"if","locations":[{"start":{"line":24,"column":3},"end":{"line":26,"column":null}}]},"16":{"loc":{"start":{"line":24,"column":6},"end":{"line":24,"column":59}},"type":"binary-expr","locations":[{"start":{"line":24,"column":6},"end":{"line":24,"column":30}},{"start":{"line":24,"column":35},"end":{"line":24,"column":59}}]},"17":{"loc":{"start":{"line":24,"column":6},"end":{"line":24,"column":24}},"type":"cond-expr","locations":[{"start":{"line":24,"column":18},"end":{"line":24,"column":20}},{"start":{"line":24,"column":6},"end":{"line":24,"column":24}}]},"18":{"loc":{"start":{"line":24,"column":6},"end":{"line":24,"column":20}},"type":"binary-expr","locations":[{"start":{"line":24,"column":6},"end":{"line":24,"column":20}},{"start":{"line":24,"column":6},"end":{"line":24,"column":20}}]},"19":{"loc":{"start":{"line":24,"column":35},"end":{"line":24,"column":53}},"type":"cond-expr","locations":[{"start":{"line":24,"column":47},"end":{"line":24,"column":49}},{"start":{"line":24,"column":35},"end":{"line":24,"column":53}}]},"20":{"loc":{"start":{"line":24,"column":35},"end":{"line":24,"column":49}},"type":"binary-expr","locations":[{"start":{"line":24,"column":35},"end":{"line":24,"column":49}},{"start":{"line":24,"column":35},"end":{"line":24,"column":49}}]}},"s":{"0":1,"1":1,"2":2,"3":2,"4":2,"5":2,"6":2,"7":2,"8":0,"9":0,"10":0,"11":0,"12":0,"13":0,"14":0,"15":0,"16":0,"17":0,"18":2,"19":1},"f":{"0":2,"1":2},"b":{"0":[2,2],"1":[0,2],"2":[2,2],"3":[0,2],"4":[2,2],"5":[2,2],"6":[0,0],"7":[0],"8":[0,0],"9":[0,0],"10":[0,0],"11":[0],"12":[0,0],"13":[0,0],"14":[0],"15":[0],"16":[0,0],"17":[0,0],"18":[0,0],"19":[0,0],"20":[0,0]}}
,"/Users/alfiahsanitaqwim/Documents/cars-a/api/src/controllers/usersController.ts": {"path":"/Users/alfiahsanitaqwim/Documents/cars-a/api/src/controllers/usersController.ts","statementMap":{"0":{"start":{"line":3,"column":0},"end":{"line":3,"column":31}},"1":{"start":{"line":4,"column":0},"end":{"line":4,"column":43}},"2":{"start":{"line":5,"column":0},"end":{"line":5,"column":49}},"3":{"start":{"line":8,"column":26},"end":{"line":28,"column":2}},"4":{"start":{"line":8,"column":62},"end":{"line":28,"column":2}},"5":{"start":{"line":9,"column":22},"end":{"line":12,"column":3}},"6":{"start":{"line":13,"column":23},"end":{"line":13,"column":31}},"7":{"start":{"line":14,"column":1},"end":{"line":27,"column":null}},"8":{"start":{"line":15,"column":2},"end":{"line":15,"column":74}},"9":{"start":{"line":16,"column":2},"end":{"line":20,"column":4}},"10":{"start":{"line":22,"column":2},"end":{"line":26,"column":4}},"11":{"start":{"line":8,"column":13},"end":{"line":8,"column":26}},"12":{"start":{"line":31,"column":30},"end":{"line":46,"column":2}},"13":{"start":{"line":31,"column":64},"end":{"line":46,"column":2}},"14":{"start":{"line":32,"column":1},"end":{"line":45,"column":null}},"15":{"start":{"line":33,"column":22},"end":{"line":33,"column":47}},"16":{"start":{"line":34,"column":16},"end":{"line":34,"column":56}},"17":{"start":{"line":35,"column":27},"end":{"line":35,"column":90}},"18":{"start":{"line":36,"column":2},"end":{"line":39,"column":5}},"19":{"start":{"line":41,"column":2},"end":{"line":44,"column":5}},"20":{"start":{"line":31,"column":13},"end":{"line":31,"column":30}},"21":{"start":{"line":48,"column":24},"end":{"line":57,"column":1}},"22":{"start":{"line":49,"column":1},"end":{"line":56,"column":null}},"23":{"start":{"line":50,"column":22},"end":{"line":50,"column":47}},"24":{"start":{"line":51,"column":16},"end":{"line":51,"column":56}},"25":{"start":{"line":52,"column":27},"end":{"line":52,"column":84}},"26":{"start":{"line":53,"column":2},"end":{"line":53,"column":29}},"27":{"start":{"line":55,"column":2},"end":{"line":55,"column":12}},"28":{"start":{"line":48,"column":13},"end":{"line":48,"column":24}}},"fnMap":{"0":{"name":"(anonymous_8)","decl":{"start":{"line":8,"column":26},"end":{"line":8,"column":33}},"loc":{"start":{"line":8,"column":62},"end":{"line":28,"column":2}}},"1":{"name":"(anonymous_9)","decl":{"start":{"line":8,"column":62},"end":{"line":8,"column":null}},"loc":{"start":{"line":8,"column":62},"end":{"line":28,"column":1}}},"2":{"name":"(anonymous_10)","decl":{"start":{"line":31,"column":30},"end":{"line":31,"column":37}},"loc":{"start":{"line":31,"column":64},"end":{"line":46,"column":2}}},"3":{"name":"(anonymous_11)","decl":{"start":{"line":31,"column":64},"end":{"line":31,"column":null}},"loc":{"start":{"line":31,"column":64},"end":{"line":46,"column":1}}},"4":{"name":"(anonymous_12)","decl":{"start":{"line":48,"column":24},"end":{"line":48,"column":25}},"loc":{"start":{"line":48,"column":40},"end":{"line":57,"column":1}}}},"branchMap":{"0":{"loc":{"start":{"line":14,"column":1},"end":{"line":27,"column":null}},"type":"if","locations":[{"start":{"line":14,"column":1},"end":{"line":27,"column":null}},{"start":{"line":21,"column":6},"end":{"line":27,"column":null}}]},"1":{"loc":{"start":{"line":34,"column":16},"end":{"line":34,"column":56}},"type":"binary-expr","locations":[{"start":{"line":34,"column":16},"end":{"line":34,"column":50}},{"start":{"line":34,"column":54},"end":{"line":34,"column":56}}]},"2":{"loc":{"start":{"line":34,"column":16},"end":{"line":34,"column":50}},"type":"cond-expr","locations":[{"start":{"line":34,"column":45},"end":{"line":34,"column":48}},{"start":{"line":34,"column":45},"end":{"line":34,"column":50}}]},"3":{"loc":{"start":{"line":34,"column":16},"end":{"line":34,"column":48}},"type":"binary-expr","locations":[{"start":{"line":34,"column":16},"end":{"line":34,"column":48}},{"start":{"line":34,"column":45},"end":{"line":34,"column":48}}]},"4":{"loc":{"start":{"line":34,"column":16},"end":{"line":34,"column":45}},"type":"cond-expr","locations":[{"start":{"line":34,"column":27},"end":{"line":34,"column":29}},{"start":{"line":34,"column":16},"end":{"line":34,"column":45}}]},"5":{"loc":{"start":{"line":34,"column":16},"end":{"line":34,"column":29}},"type":"binary-expr","locations":[{"start":{"line":34,"column":16},"end":{"line":34,"column":29}},{"start":{"line":34,"column":16},"end":{"line":34,"column":29}}]},"6":{"loc":{"start":{"line":35,"column":51},"end":{"line":35,"column":89}},"type":"binary-expr","locations":[{"start":{"line":35,"column":51},"end":{"line":35,"column":76}},{"start":{"line":35,"column":80},"end":{"line":35,"column":89}}]},"7":{"loc":{"start":{"line":51,"column":16},"end":{"line":51,"column":56}},"type":"binary-expr","locations":[{"start":{"line":51,"column":16},"end":{"line":51,"column":50}},{"start":{"line":51,"column":54},"end":{"line":51,"column":56}}]},"8":{"loc":{"start":{"line":51,"column":16},"end":{"line":51,"column":50}},"type":"cond-expr","locations":[{"start":{"line":51,"column":45},"end":{"line":51,"column":48}},{"start":{"line":51,"column":45},"end":{"line":51,"column":50}}]},"9":{"loc":{"start":{"line":51,"column":16},"end":{"line":51,"column":48}},"type":"binary-expr","locations":[{"start":{"line":51,"column":16},"end":{"line":51,"column":48}},{"start":{"line":51,"column":45},"end":{"line":51,"column":48}}]},"10":{"loc":{"start":{"line":51,"column":16},"end":{"line":51,"column":45}},"type":"cond-expr","locations":[{"start":{"line":51,"column":27},"end":{"line":51,"column":29}},{"start":{"line":51,"column":16},"end":{"line":51,"column":45}}]},"11":{"loc":{"start":{"line":51,"column":16},"end":{"line":51,"column":29}},"type":"binary-expr","locations":[{"start":{"line":51,"column":16},"end":{"line":51,"column":29}},{"start":{"line":51,"column":16},"end":{"line":51,"column":29}}]},"12":{"loc":{"start":{"line":52,"column":45},"end":{"line":52,"column":83}},"type":"binary-expr","locations":[{"start":{"line":52,"column":45},"end":{"line":52,"column":70}},{"start":{"line":52,"column":74},"end":{"line":52,"column":83}}]},"13":{"loc":{"start":{"line":53,"column":9},"end":{"line":53,"column":28}},"type":"cond-expr","locations":[{"start":{"line":53,"column":21},"end":{"line":53,"column":23}},{"start":{"line":53,"column":9},"end":{"line":53,"column":28}}]},"14":{"loc":{"start":{"line":53,"column":9},"end":{"line":53,"column":23}},"type":"binary-expr","locations":[{"start":{"line":53,"column":9},"end":{"line":53,"column":23}},{"start":{"line":53,"column":9},"end":{"line":53,"column":23}}]}},"s":{"0":1,"1":1,"2":1,"3":1,"4":0,"5":0,"6":0,"7":0,"8":0,"9":0,"10":0,"11":1,"12":1,"13":0,"14":0,"15":0,"16":0,"17":0,"18":0,"19":0,"20":1,"21":1,"22":0,"23":0,"24":0,"25":0,"26":0,"27":0,"28":1},"f":{"0":0,"1":0,"2":0,"3":0,"4":0},"b":{"0":[0,0],"1":[0,0],"2":[0,0],"3":[0,0],"4":[0,0],"5":[0,0],"6":[0,0],"7":[0,0],"8":[0,0],"9":[0,0],"10":[0,0],"11":[0,0],"12":[0,0],"13":[0,0],"14":[0,0]}}
,"/Users/alfiahsanitaqwim/Documents/cars-a/api/src/middleware/handlerLogger.ts": {"path":"/Users/alfiahsanitaqwim/Documents/cars-a/api/src/middleware/handlerLogger.ts","statementMap":{"0":{"start":{"line":3,"column":21},"end":{"line":6,"column":1}},"1":{"start":{"line":5,"column":1},"end":{"line":5,"column":8}},"2":{"start":{"line":8,"column":0},"end":{"line":8,"column":22}}},"fnMap":{"0":{"name":"(anonymous_0)","decl":{"start":{"line":3,"column":21},"end":{"line":3,"column":22}},"loc":{"start":{"line":3,"column":79},"end":{"line":6,"column":1}}}},"branchMap":{},"s":{"0":1,"1":7,"2":1},"f":{"0":7},"b":{}}
,"/Users/alfiahsanitaqwim/Documents/cars-a/api/src/middleware/upload.ts": {"path":"/Users/alfiahsanitaqwim/Documents/cars-a/api/src/middleware/upload.ts","statementMap":{"0":{"start":{"line":1,"column":0},"end":{"line":1,"column":28}},"1":{"start":{"line":3,"column":16},"end":{"line":3,"column":38}},"2":{"start":{"line":5,"column":0},"end":{"line":5,"column":35}}},"fnMap":{},"branchMap":{},"s":{"0":1,"1":1,"2":1},"f":{},"b":{}}
,"/Users/alfiahsanitaqwim/Documents/cars-a/api/src/models/CarsData.ts": {"path":"/Users/alfiahsanitaqwim/Documents/cars-a/api/src/models/CarsData.ts","statementMap":{"0":{"start":{"line":1,"column":0},"end":{"line":1,"column":34}},"1":{"start":{"line":16,"column":2},"end":{"line":16,"column":16}},"2":{"start":{"line":3,"column":0},"end":{"line":3,"column":13}}},"fnMap":{"0":{"name":"(anonymous_0)","decl":{"start":{"line":15,"column":1},"end":{"line":15,"column":7}},"loc":{"start":{"line":15,"column":21},"end":{"line":17,"column":2}}}},"branchMap":{},"s":{"0":1,"1":6,"2":1},"f":{"0":6},"b":{}}
,"/Users/alfiahsanitaqwim/Documents/cars-a/api/src/models/LogActivities.ts": {"path":"/Users/alfiahsanitaqwim/Documents/cars-a/api/src/models/LogActivities.ts","statementMap":{"0":{"start":{"line":1,"column":0},"end":{"line":1,"column":32}},"1":{"start":{"line":8,"column":2},"end":{"line":8,"column":26}},"2":{"start":{"line":3,"column":0},"end":{"line":3,"column":13}}},"fnMap":{"0":{"name":"(anonymous_0)","decl":{"start":{"line":7,"column":1},"end":{"line":7,"column":7}},"loc":{"start":{"line":7,"column":21},"end":{"line":9,"column":2}}}},"branchMap":{},"s":{"0":1,"1":0,"2":1},"f":{"0":0},"b":{}}
,"/Users/alfiahsanitaqwim/Documents/cars-a/api/src/models/User.ts": {"path":"/Users/alfiahsanitaqwim/Documents/cars-a/api/src/models/User.ts","statementMap":{"0":{"start":{"line":1,"column":0},"end":{"line":1,"column":32}},"1":{"start":{"line":9,"column":2},"end":{"line":9,"column":17}},"2":{"start":{"line":3,"column":0},"end":{"line":3,"column":13}}},"fnMap":{"0":{"name":"(anonymous_0)","decl":{"start":{"line":8,"column":1},"end":{"line":8,"column":7}},"loc":{"start":{"line":8,"column":21},"end":{"line":10,"column":2}}}},"branchMap":{},"s":{"0":1,"1":6,"2":1},"f":{"0":6},"b":{}}
,"/Users/alfiahsanitaqwim/Documents/cars-a/api/src/repositories/cars.ts": {"path":"/Users/alfiahsanitaqwim/Documents/cars-a/api/src/repositories/cars.ts","statementMap":{"0":{"start":{"line":2,"column":0},"end":{"line":2,"column":54}},"1":{"start":{"line":3,"column":0},"end":{"line":3,"column":58}},"2":{"start":{"line":4,"column":0},"end":{"line":4,"column":51}},"3":{"start":{"line":9,"column":2},"end":{"line":9,"column":43}},"4":{"start":{"line":22,"column":6},"end":{"line":22,"column":14}},"5":{"start":{"line":24,"column":16},"end":{"line":24,"column":29}},"6":{"start":{"line":25,"column":18},"end":{"line":25,"column":142}},"7":{"start":{"line":26,"column":2},"end":{"line":26,"column":27}},"8":{"start":{"line":28,"column":2},"end":{"line":38,"column":20}},"9":{"start":{"line":42,"column":2},"end":{"line":42,"column":66}},"10":{"start":{"line":46,"column":19},"end":{"line":46,"column":29}},"11":{"start":{"line":47,"column":18},"end":{"line":47,"column":37}},"12":{"start":{"line":58,"column":6},"end":{"line":58,"column":14}},"13":{"start":{"line":60,"column":16},"end":{"line":60,"column":29}},"14":{"start":{"line":61,"column":18},"end":{"line":61,"column":142}},"15":{"start":{"line":62,"column":2},"end":{"line":62,"column":27}},"16":{"start":{"line":64,"column":2},"end":{"line":74,"column":5}},"17":{"start":{"line":78,"column":17},"end":{"line":78,"column":73}},"18":{"start":{"line":79,"column":16},"end":{"line":79,"column":29}},"19":{"start":{"line":80,"column":18},"end":{"line":80,"column":166}},"20":{"start":{"line":81,"column":2},"end":{"line":81,"column":27}},"21":{"start":{"line":83,"column":2},"end":{"line":83,"column":64}},"22":{"start":{"line":7,"column":0},"end":{"line":7,"column":21}}},"fnMap":{"0":{"name":"(anonymous_7)","decl":{"start":{"line":8,"column":7},"end":{"line":8,"column":13}},"loc":{"start":{"line":8,"column":13},"end":{"line":10,"column":null}}},"1":{"name":"(anonymous_9)","decl":{"start":{"line":11,"column":7},"end":{"line":11,"column":11}},"loc":{"start":{"line":11,"column":24},"end":{"line":39,"column":null}}},"2":{"name":"(anonymous_11)","decl":{"start":{"line":41,"column":7},"end":{"line":41,"column":14}},"loc":{"start":{"line":41,"column":22},"end":{"line":43,"column":null}}},"3":{"name":"(anonymous_13)","decl":{"start":{"line":45,"column":7},"end":{"line":45,"column":13}},"loc":{"start":{"line":45,"column":26},"end":{"line":75,"column":null}}},"4":{"name":"(anonymous_15)","decl":{"start":{"line":77,"column":7},"end":{"line":77,"column":13}},"loc":{"start":{"line":77,"column":35},"end":{"line":84,"column":null}}}},"branchMap":{"0":{"loc":{"start":{"line":9,"column":9},"end":{"line":9,"column":42}},"type":"binary-expr","locations":[{"start":{"line":9,"column":9},"end":{"line":9,"column":36}},{"start":{"line":9,"column":40},"end":{"line":9,"column":42}}]},"1":{"loc":{"start":{"line":80,"column":66},"end":{"line":80,"column":82}},"type":"cond-expr","locations":[{"start":{"line":80,"column":72},"end":{"line":80,"column":74}},{"start":{"line":80,"column":66},"end":{"line":80,"column":82}}]},"2":{"loc":{"start":{"line":80,"column":66},"end":{"line":80,"column":74}},"type":"binary-expr","locations":[{"start":{"line":80,"column":66},"end":{"line":80,"column":74}},{"start":{"line":80,"column":66},"end":{"line":80,"column":74}}]},"3":{"loc":{"start":{"line":80,"column":92},"end":{"line":80,"column":111}},"type":"cond-expr","locations":[{"start":{"line":80,"column":98},"end":{"line":80,"column":100}},{"start":{"line":80,"column":92},"end":{"line":80,"column":111}}]},"4":{"loc":{"start":{"line":80,"column":92},"end":{"line":80,"column":100}},"type":"binary-expr","locations":[{"start":{"line":80,"column":92},"end":{"line":80,"column":100}},{"start":{"line":80,"column":92},"end":{"line":80,"column":100}}]},"5":{"loc":{"start":{"line":80,"column":126},"end":{"line":80,"column":146}},"type":"cond-expr","locations":[{"start":{"line":80,"column":132},"end":{"line":80,"column":134}},{"start":{"line":80,"column":126},"end":{"line":80,"column":146}}]},"6":{"loc":{"start":{"line":80,"column":126},"end":{"line":80,"column":134}},"type":"binary-expr","locations":[{"start":{"line":80,"column":126},"end":{"line":80,"column":134}},{"start":{"line":80,"column":126},"end":{"line":80,"column":134}}]}},"s":{"0":1,"1":1,"2":1,"3":1,"4":0,"5":0,"6":0,"7":0,"8":0,"9":1,"10":0,"11":0,"12":0,"13":0,"14":0,"15":0,"16":0,"17":0,"18":0,"19":0,"20":0,"21":0,"22":1},"f":{"0":1,"1":0,"2":1,"3":0,"4":0},"b":{"0":[1,0],"1":[0,0],"2":[0,0],"3":[0,0],"4":[0,0],"5":[0,0],"6":[0,0]}}
,"/Users/alfiahsanitaqwim/Documents/cars-a/api/src/repositories/users.ts": {"path":"/Users/alfiahsanitaqwim/Documents/cars-a/api/src/repositories/users.ts","statementMap":{"0":{"start":{"line":1,"column":0},"end":{"line":1,"column":43}},"1":{"start":{"line":10,"column":17},"end":{"line":10,"column":28}},"2":{"start":{"line":11,"column":20},"end":{"line":11,"column":34}},"3":{"start":{"line":13,"column":2},"end":{"line":13,"column":86}},"4":{"start":{"line":17,"column":2},"end":{"line":17,"column":65}},"5":{"start":{"line":22,"column":2},"end":{"line":22,"column":23}},"6":{"start":{"line":23,"column":2},"end":{"line":23,"column":74}},"7":{"start":{"line":8,"column":0},"end":{"line":8,"column":21}}},"fnMap":{"0":{"name":"(anonymous_7)","decl":{"start":{"line":9,"column":7},"end":{"line":9,"column":11}},"loc":{"start":{"line":9,"column":26},"end":{"line":14,"column":null}}},"1":{"name":"(anonymous_9)","decl":{"start":{"line":16,"column":7},"end":{"line":16,"column":10}},"loc":{"start":{"line":16,"column":24},"end":{"line":18,"column":null}}},"2":{"name":"(anonymous_11)","decl":{"start":{"line":21,"column":7},"end":{"line":21,"column":14}},"loc":{"start":{"line":21,"column":37},"end":{"line":24,"column":null}}}},"branchMap":{},"s":{"0":1,"1":0,"2":0,"3":0,"4":2,"5":0,"6":0,"7":1},"f":{"0":0,"1":2,"2":0},"b":{}}
,"/Users/alfiahsanitaqwim/Documents/cars-a/api/src/routes/authRouter.ts": {"path":"/Users/alfiahsanitaqwim/Documents/cars-a/api/src/routes/authRouter.ts","statementMap":{"0":{"start":{"line":4,"column":0},"end":{"line":4,"column":30}},"1":{"start":{"line":6,"column":15},"end":{"line":6,"column":31}},"2":{"start":{"line":7,"column":0},"end":{"line":7,"column":65}},"3":{"start":{"line":10,"column":0},"end":{"line":12,"column":3}},"4":{"start":{"line":11,"column":1},"end":{"line":11,"column":38}},"5":{"start":{"line":14,"column":0},"end":{"line":14,"column":29}},"6":{"start":{"line":15,"column":0},"end":{"line":15,"column":35}},"7":{"start":{"line":17,"column":0},"end":{"line":17,"column":24}}},"fnMap":{"0":{"name":"(anonymous_1)","decl":{"start":{"line":10,"column":20},"end":{"line":10,"column":21}},"loc":{"start":{"line":10,"column":33},"end":{"line":12,"column":1}}}},"branchMap":{},"s":{"0":1,"1":1,"2":1,"3":1,"4":0,"5":1,"6":1,"7":1},"f":{"0":0},"b":{}}
,"/Users/alfiahsanitaqwim/Documents/cars-a/api/src/routes/carRouter.ts": {"path":"/Users/alfiahsanitaqwim/Documents/cars-a/api/src/routes/carRouter.ts","statementMap":{"0":{"start":{"line":3,"column":0},"end":{"line":3,"column":30}},"1":{"start":{"line":5,"column":16},"end":{"line":5,"column":32}},"2":{"start":{"line":6,"column":0},"end":{"line":6,"column":92}},"3":{"start":{"line":8,"column":0},"end":{"line":8,"column":21}},"4":{"start":{"line":9,"column":0},"end":{"line":9,"column":28}},"5":{"start":{"line":10,"column":0},"end":{"line":10,"column":29}},"6":{"start":{"line":11,"column":0},"end":{"line":11,"column":38}},"7":{"start":{"line":12,"column":0},"end":{"line":12,"column":39}},"8":{"start":{"line":14,"column":0},"end":{"line":14,"column":24}}},"fnMap":{},"branchMap":{},"s":{"0":1,"1":1,"2":1,"3":1,"4":1,"5":1,"6":1,"7":1,"8":1},"f":{},"b":{}}
,"/Users/alfiahsanitaqwim/Documents/cars-a/api/src/routes/userRouter.ts": {"path":"/Users/alfiahsanitaqwim/Documents/cars-a/api/src/routes/userRouter.ts","statementMap":{"0":{"start":{"line":3,"column":0},"end":{"line":3,"column":30}},"1":{"start":{"line":5,"column":15},"end":{"line":5,"column":31}},"2":{"start":{"line":6,"column":0},"end":{"line":6,"column":76}},"3":{"start":{"line":8,"column":0},"end":{"line":8,"column":39}},"4":{"start":{"line":9,"column":0},"end":{"line":9,"column":44}},"5":{"start":{"line":11,"column":0},"end":{"line":11,"column":24}}},"fnMap":{},"branchMap":{},"s":{"0":1,"1":1,"2":1,"3":1,"4":1,"5":1},"f":{},"b":{}}
,"/Users/alfiahsanitaqwim/Documents/cars-a/api/src/services/cars.ts": {"path":"/Users/alfiahsanitaqwim/Documents/cars-a/api/src/services/cars.ts","statementMap":{"0":{"start":{"line":2,"column":0},"end":{"line":2,"column":49}},"1":{"start":{"line":6,"column":1},"end":{"line":6,"column":31}},"2":{"start":{"line":9,"column":2},"end":{"line":9,"column":44}},"3":{"start":{"line":13,"column":2},"end":{"line":13,"column":44}},"4":{"start":{"line":17,"column":2},"end":{"line":17,"column":47}},"5":{"start":{"line":21,"column":2},"end":{"line":21,"column":45}},"6":{"start":{"line":25,"column":2},"end":{"line":25,"column":51}},"7":{"start":{"line":29,"column":2},"end":{"line":29,"column":47}},"8":{"start":{"line":5,"column":21},"end":{"line":5,"column":null}}},"fnMap":{"0":{"name":"(anonymous_10)","decl":{"start":{"line":8,"column":1},"end":{"line":8,"column":null}},"loc":{"start":{"line":8,"column":1},"end":{"line":10,"column":2}}},"1":{"name":"(anonymous_11)","decl":{"start":{"line":12,"column":7},"end":{"line":12,"column":13}},"loc":{"start":{"line":12,"column":13},"end":{"line":14,"column":null}}},"2":{"name":"(anonymous_13)","decl":{"start":{"line":16,"column":7},"end":{"line":16,"column":14}},"loc":{"start":{"line":16,"column":21},"end":{"line":18,"column":null}}},"3":{"name":"(anonymous_15)","decl":{"start":{"line":20,"column":7},"end":{"line":20,"column":11}},"loc":{"start":{"line":20,"column":24},"end":{"line":22,"column":null}}},"4":{"name":"(anonymous_17)","decl":{"start":{"line":24,"column":7},"end":{"line":24,"column":13}},"loc":{"start":{"line":24,"column":35},"end":{"line":26,"column":null}}},"5":{"name":"(anonymous_19)","decl":{"start":{"line":28,"column":7},"end":{"line":28,"column":13}},"loc":{"start":{"line":28,"column":26},"end":{"line":30,"column":null}}}},"branchMap":{},"s":{"0":1,"1":2,"2":2,"3":1,"4":1,"5":0,"6":0,"7":0,"8":1},"f":{"0":2,"1":1,"2":1,"3":0,"4":0,"5":0},"b":{}}
,"/Users/alfiahsanitaqwim/Documents/cars-a/api/src/services/users.ts": {"path":"/Users/alfiahsanitaqwim/Documents/cars-a/api/src/services/users.ts","statementMap":{"0":{"start":{"line":1,"column":0},"end":{"line":1,"column":51}},"1":{"start":{"line":9,"column":1},"end":{"line":9,"column":33}},"2":{"start":{"line":12,"column":2},"end":{"line":12,"column":46}},"3":{"start":{"line":16,"column":2},"end":{"line":16,"column":48}},"4":{"start":{"line":20,"column":16},"end":{"line":20,"column":33}},"5":{"start":{"line":21,"column":2},"end":{"line":21,"column":47}},"6":{"start":{"line":25,"column":2},"end":{"line":25,"column":51}},"7":{"start":{"line":8,"column":21},"end":{"line":8,"column":null}}},"fnMap":{"0":{"name":"(anonymous_10)","decl":{"start":{"line":11,"column":1},"end":{"line":11,"column":null}},"loc":{"start":{"line":11,"column":1},"end":{"line":13,"column":2}}},"1":{"name":"(anonymous_11)","decl":{"start":{"line":15,"column":7},"end":{"line":15,"column":11}},"loc":{"start":{"line":15,"column":26},"end":{"line":17,"column":null}}},"2":{"name":"(anonymous_13)","decl":{"start":{"line":19,"column":7},"end":{"line":19,"column":10}},"loc":{"start":{"line":19,"column":25},"end":{"line":22,"column":null}}},"3":{"name":"(anonymous_15)","decl":{"start":{"line":24,"column":7},"end":{"line":24,"column":14}},"loc":{"start":{"line":24,"column":37},"end":{"line":26,"column":null}}}},"branchMap":{"0":{"loc":{"start":{"line":20,"column":16},"end":{"line":20,"column":33}},"type":"binary-expr","locations":[{"start":{"line":20,"column":16},"end":{"line":20,"column":27}},{"start":{"line":20,"column":31},"end":{"line":20,"column":33}}]}},"s":{"0":1,"1":2,"2":2,"3":0,"4":2,"5":2,"6":0,"7":1},"f":{"0":2,"1":0,"2":2,"3":0},"b":{"0":[2,0]}}
,"/Users/alfiahsanitaqwim/Documents/cars-a/api/src/utilities/checkPassword.ts": {"path":"/Users/alfiahsanitaqwim/Documents/cars-a/api/src/utilities/checkPassword.ts","statementMap":{"0":{"start":{"line":2,"column":15},"end":{"line":2,"column":32}},"1":{"start":{"line":5,"column":1},"end":{"line":13,"column":4}},"2":{"start":{"line":6,"column":2},"end":{"line":12,"column":5}},"3":{"start":{"line":7,"column":3},"end":{"line":10,"column":null}},"4":{"start":{"line":8,"column":4},"end":{"line":8,"column":16}},"5":{"start":{"line":9,"column":4},"end":{"line":9,"column":11}},"6":{"start":{"line":11,"column":3},"end":{"line":11,"column":26}},"7":{"start":{"line":16,"column":0},"end":{"line":16,"column":29}}},"fnMap":{"0":{"name":"checkPassword","decl":{"start":{"line":4,"column":9},"end":{"line":4,"column":22}},"loc":{"start":{"line":4,"column":58},"end":{"line":14,"column":1}}},"1":{"name":"(anonymous_1)","decl":{"start":{"line":5,"column":20},"end":{"line":5,"column":21}},"loc":{"start":{"line":5,"column":40},"end":{"line":13,"column":2}}},"2":{"name":"(anonymous_2)","decl":{"start":{"line":6,"column":38},"end":{"line":6,"column":39}},"loc":{"start":{"line":6,"column":76},"end":{"line":12,"column":3}}}},"branchMap":{"0":{"loc":{"start":{"line":7,"column":3},"end":{"line":10,"column":null}},"type":"if","locations":[{"start":{"line":7,"column":3},"end":{"line":10,"column":null}}]}},"s":{"0":1,"1":2,"2":2,"3":2,"4":0,"5":0,"6":2,"7":1},"f":{"0":2,"1":2,"2":2},"b":{"0":[0]}}
,"/Users/alfiahsanitaqwim/Documents/cars-a/api/src/utilities/encryptPassword.ts": {"path":"/Users/alfiahsanitaqwim/Documents/cars-a/api/src/utilities/encryptPassword.ts","statementMap":{"0":{"start":{"line":5,"column":15},"end":{"line":5,"column":32}},"1":{"start":{"line":6,"column":13},"end":{"line":6,"column":15}},"2":{"start":{"line":9,"column":1},"end":{"line":17,"column":4}},"3":{"start":{"line":10,"column":2},"end":{"line":16,"column":5}},"4":{"start":{"line":11,"column":3},"end":{"line":14,"column":null}},"5":{"start":{"line":12,"column":4},"end":{"line":12,"column":16}},"6":{"start":{"line":13,"column":4},"end":{"line":13,"column":11}},"7":{"start":{"line":15,"column":3},"end":{"line":15,"column":26}},"8":{"start":{"line":20,"column":0},"end":{"line":20,"column":31}}},"fnMap":{"0":{"name":"encryptPassword","decl":{"start":{"line":8,"column":9},"end":{"line":8,"column":24}},"loc":{"start":{"line":8,"column":37},"end":{"line":18,"column":1}}},"1":{"name":"(anonymous_1)","decl":{"start":{"line":9,"column":20},"end":{"line":9,"column":21}},"loc":{"start":{"line":9,"column":40},"end":{"line":17,"column":2}}},"2":{"name":"(anonymous_2)","decl":{"start":{"line":10,"column":26},"end":{"line":10,"column":27}},"loc":{"start":{"line":10,"column":64},"end":{"line":16,"column":3}}}},"branchMap":{"0":{"loc":{"start":{"line":11,"column":3},"end":{"line":14,"column":null}},"type":"if","locations":[{"start":{"line":11,"column":3},"end":{"line":14,"column":null}}]}},"s":{"0":1,"1":1,"2":0,"3":0,"4":0,"5":0,"6":0,"7":0,"8":1},"f":{"0":0,"1":0,"2":0},"b":{"0":[0]}}
}
