TN:
SF:config.ts
FNF:0
FNH:0
DA:1,1
LF:1
LH:1
BRF:0
BRH:0
end_of_record
TN:
SF:index.ts
FN:44,(anonymous_0)
FN:66,(anonymous_1)
FN:71,(anonymous_2)
FN:85,(anonymous_3)
FNF:4
FNH:2
FNDA:4,(anonymous_0)
FNDA:0,(anonymous_1)
FNDA:0,(anonymous_2)
FNDA:1,(anonymous_3)
DA:4,1
DA:6,1
DA:7,1
DA:8,1
DA:9,1
DA:10,1
DA:11,1
DA:12,1
DA:13,1
DA:15,1
DA:16,1
DA:17,1
DA:18,1
DA:19,1
DA:23,1
DA:24,1
DA:25,1
DA:34,1
DA:36,1
DA:38,1
DA:44,1
DA:45,4
DA:46,4
DA:47,4
DA:48,4
DA:52,1
DA:53,1
DA:54,1
DA:55,1
DA:56,1
DA:57,1
DA:61,1
DA:62,1
DA:63,1
DA:66,1
DA:67,0
DA:68,0
DA:71,0
DA:72,0
DA:73,0
DA:78,0
DA:85,1
DA:86,1
DA:89,1
LF:44
LH:38
BRDA:72,0,0,0
BRF:1
BRH:0
end_of_record
TN:
SF:src/controllers/authControllers.ts
FN:15,(anonymous_8)
FN:19,(anonymous_9)
FN:19,(anonymous_10)
FN:53,(anonymous_11)
FN:53,(anonymous_12)
FNF:5
FNH:3
FNDA:2,(anonymous_8)
FNDA:2,(anonymous_9)
FNDA:2,(anonymous_10)
FNDA:0,(anonymous_11)
FNDA:0,(anonymous_12)
DA:4,1
DA:5,1
DA:7,1
DA:8,1
DA:15,1
DA:16,2
DA:19,2
DA:20,2
DA:21,2
DA:22,2
DA:24,2
DA:25,0
DA:30,2
DA:32,2
DA:33,0
DA:38,2
DA:45,2
DA:53,1
DA:54,0
DA:55,0
DA:57,0
DA:58,0
DA:60,0
DA:62,0
DA:67,0
LF:25
LH:16
BRDA:16,0,0,2
BRDA:16,0,1,2
BRDA:21,1,0,2
BRDA:21,1,1,0
BRDA:24,2,0,0
BRDA:32,3,0,0
BRDA:55,4,0,0
BRDA:55,4,1,0
BRF:8
BRH:3
end_of_record
TN:
SF:src/controllers/carsControllers.ts
FN:5,(anonymous_8)
FN:5,(anonymous_9)
FN:6,(anonymous_10)
FN:11,(anonymous_11)
FN:19,(anonymous_12)
FN:19,(anonymous_13)
FN:21,(anonymous_14)
FN:26,(anonymous_15)
FN:34,(anonymous_16)
FN:34,(anonymous_17)
FN:40,(anonymous_18)
FN:45,(anonymous_19)
FN:58,(anonymous_20)
FN:58,(anonymous_21)
FN:66,(anonymous_22)
FN:71,(anonymous_23)
FN:84,(anonymous_24)
FN:84,(anonymous_25)
FN:90,(anonymous_26)
FN:95,(anonymous_27)
FNF:20
FNH:6
FNDA:1,(anonymous_8)
FNDA:1,(anonymous_9)
FNDA:1,(anonymous_10)
FNDA:0,(anonymous_11)
FNDA:1,(anonymous_12)
FNDA:1,(anonymous_13)
FNDA:1,(anonymous_14)
FNDA:0,(anonymous_15)
FNDA:0,(anonymous_16)
FNDA:0,(anonymous_17)
FNDA:0,(anonymous_18)
FNDA:0,(anonymous_19)
FNDA:0,(anonymous_20)
FNDA:0,(anonymous_21)
FNDA:0,(anonymous_22)
FNDA:0,(anonymous_23)
FNDA:0,(anonymous_24)
FNDA:0,(anonymous_25)
FNDA:0,(anonymous_26)
FNDA:0,(anonymous_27)
DA:1,1
DA:3,1
DA:5,1
DA:6,1
DA:7,1
DA:12,0
DA:19,1
DA:20,1
DA:21,1
DA:22,1
DA:27,0
DA:34,1
DA:35,0
DA:39,0
DA:40,0
DA:41,0
DA:46,0
DA:52,0
DA:58,1
DA:59,0
DA:63,0
DA:64,0
DA:65,0
DA:66,0
DA:67,0
DA:72,0
DA:78,0
DA:84,1
DA:85,0
DA:89,0
DA:90,0
DA:91,0
DA:96,0
DA:102,0
LF:34
LH:12
BRDA:39,0,0,0
BRDA:39,0,1,0
BRDA:65,1,0,0
BRDA:65,1,1,0
BRDA:89,2,0,0
BRDA:89,2,1,0
BRF:6
BRH:0
end_of_record
TN:
SF:src/controllers/logController.ts
FN:3,(anonymous_7)
FN:3,(anonymous_8)
FNF:2
FNH:0
FNDA:0,(anonymous_7)
FNDA:0,(anonymous_8)
DA:1,1
DA:3,1
DA:4,0
LF:3
LH:2
BRF:0
BRH:0
end_of_record
TN:
SF:src/controllers/userRolesController.ts
FN:9,(anonymous_8)
FN:9,(anonymous_9)
FNF:2
FNH:0
FNDA:0,(anonymous_8)
FNDA:0,(anonymous_9)
DA:3,1
DA:9,1
DA:10,0
DA:11,0
DA:12,0
DA:13,0
DA:14,0
DA:15,0
DA:16,0
DA:17,0
DA:19,0
DA:20,0
DA:21,0
DA:23,0
DA:24,0
DA:25,0
DA:28,0
DA:30,0
LF:18
LH:2
BRDA:13,0,0,0
BRDA:13,0,1,0
BRDA:13,1,0,0
BRDA:13,1,1,0
BRDA:13,2,0,0
BRDA:13,2,1,0
BRDA:13,3,0,0
BRDA:13,3,1,0
BRDA:13,4,0,0
BRDA:13,4,1,0
BRDA:14,5,0,0
BRDA:14,5,1,0
BRDA:15,6,0,0
BRDA:15,6,1,0
BRDA:16,7,0,0
BRDA:16,8,0,0
BRDA:16,8,1,0
BRDA:16,9,0,0
BRDA:16,9,1,0
BRDA:19,10,0,0
BRDA:19,10,1,0
BRDA:20,11,0,0
BRDA:20,12,0,0
BRDA:20,12,1,0
BRDA:20,13,0,0
BRDA:20,13,1,0
BRDA:23,14,0,0
BRDA:24,15,0,0
BRDA:24,16,0,0
BRDA:24,16,1,0
BRDA:24,17,0,0
BRDA:24,17,1,0
BRDA:24,18,0,0
BRDA:24,18,1,0
BRDA:24,19,0,0
BRDA:24,19,1,0
BRDA:24,20,0,0
BRDA:24,20,1,0
BRF:38
BRH:0
end_of_record
TN:
SF:src/controllers/usersController.ts
FN:8,(anonymous_8)
FN:8,(anonymous_9)
FN:31,(anonymous_10)
FN:31,(anonymous_11)
FN:48,(anonymous_12)
FNF:5
FNH:0
FNDA:0,(anonymous_8)
FNDA:0,(anonymous_9)
FNDA:0,(anonymous_10)
FNDA:0,(anonymous_11)
FNDA:0,(anonymous_12)
DA:3,1
DA:4,1
DA:5,1
DA:8,1
DA:9,0
DA:13,0
DA:14,0
DA:15,0
DA:16,0
DA:22,0
DA:31,1
DA:32,0
DA:33,0
DA:34,0
DA:35,0
DA:36,0
DA:41,0
DA:48,1
DA:49,0
DA:50,0
DA:51,0
DA:52,0
DA:53,0
DA:55,0
LF:24
LH:6
BRDA:14,0,0,0
BRDA:14,0,1,0
BRDA:34,1,0,0
BRDA:34,1,1,0
BRDA:34,2,0,0
BRDA:34,2,1,0
BRDA:34,3,0,0
BRDA:34,3,1,0
BRDA:34,4,0,0
BRDA:34,4,1,0
BRDA:34,5,0,0
BRDA:34,5,1,0
BRDA:35,6,0,0
BRDA:35,6,1,0
BRDA:51,7,0,0
BRDA:51,7,1,0
BRDA:51,8,0,0
BRDA:51,8,1,0
BRDA:51,9,0,0
BRDA:51,9,1,0
BRDA:51,10,0,0
BRDA:51,10,1,0
BRDA:51,11,0,0
BRDA:51,11,1,0
BRDA:52,12,0,0
BRDA:52,12,1,0
BRDA:53,13,0,0
BRDA:53,13,1,0
BRDA:53,14,0,0
BRDA:53,14,1,0
BRF:30
BRH:0
end_of_record
TN:
SF:src/middleware/handlerLogger.ts
FN:3,(anonymous_0)
FNF:1
FNH:1
FNDA:4,(anonymous_0)
DA:3,1
DA:5,4
DA:8,1
LF:3
LH:3
BRF:0
BRH:0
end_of_record
TN:
SF:src/middleware/upload.ts
FNF:0
FNH:0
DA:1,1
DA:3,1
DA:5,1
LF:3
LH:3
BRF:0
BRH:0
end_of_record
TN:
SF:src/models/CarsData.ts
FN:15,(anonymous_0)
FNF:1
FNH:1
FNDA:6,(anonymous_0)
DA:1,1
DA:3,1
DA:16,6
LF:3
LH:3
BRF:0
BRH:0
end_of_record
TN:
SF:src/models/LogActivities.ts
FN:7,(anonymous_0)
FNF:1
FNH:0
FNDA:0,(anonymous_0)
DA:1,1
DA:3,1
DA:8,0
LF:3
LH:2
BRF:0
BRH:0
end_of_record
TN:
SF:src/models/User.ts
FN:8,(anonymous_0)
FNF:1
FNH:1
FNDA:6,(anonymous_0)
DA:1,1
DA:3,1
DA:9,6
LF:3
LH:3
BRF:0
BRH:0
end_of_record
TN:
SF:src/repositories/cars.ts
FN:8,(anonymous_7)
FN:11,(anonymous_9)
FN:41,(anonymous_11)
FN:45,(anonymous_13)
FN:77,(anonymous_15)
FNF:5
FNH:2
FNDA:1,(anonymous_7)
FNDA:0,(anonymous_9)
FNDA:1,(anonymous_11)
FNDA:0,(anonymous_13)
FNDA:0,(anonymous_15)
DA:2,1
DA:3,1
DA:4,1
DA:7,1
DA:9,1
DA:22,0
DA:24,0
DA:25,0
DA:26,0
DA:28,0
DA:42,1
DA:46,0
DA:47,0
DA:58,0
DA:60,0
DA:61,0
DA:62,0
DA:64,0
DA:78,0
DA:79,0
DA:80,0
DA:81,0
DA:83,0
LF:23
LH:6
BRDA:9,0,0,1
BRDA:9,0,1,0
BRDA:80,1,0,0
BRDA:80,1,1,0
BRDA:80,2,0,0
BRDA:80,2,1,0
BRDA:80,3,0,0
BRDA:80,3,1,0
BRDA:80,4,0,0
BRDA:80,4,1,0
BRDA:80,5,0,0
BRDA:80,5,1,0
BRDA:80,6,0,0
BRDA:80,6,1,0
BRF:14
BRH:1
end_of_record
TN:
SF:src/repositories/users.ts
FN:9,(anonymous_7)
FN:16,(anonymous_9)
FN:21,(anonymous_11)
FNF:3
FNH:1
FNDA:0,(anonymous_7)
FNDA:2,(anonymous_9)
FNDA:0,(anonymous_11)
DA:1,1
DA:8,1
DA:10,0
DA:11,0
DA:13,0
DA:17,2
DA:22,0
DA:23,0
LF:8
LH:3
BRF:0
BRH:0
end_of_record
TN:
SF:src/routes/authRouter.ts
FN:10,(anonymous_1)
FNF:1
FNH:0
FNDA:0,(anonymous_1)
DA:4,1
DA:6,1
DA:7,1
DA:10,1
DA:11,0
DA:14,1
DA:15,1
DA:17,1
LF:8
LH:7
BRF:0
BRH:0
end_of_record
TN:
SF:src/routes/carRouter.ts
FNF:0
FNH:0
DA:3,1
DA:5,1
DA:6,1
DA:8,1
DA:9,1
DA:10,1
DA:11,1
DA:12,1
DA:14,1
LF:9
LH:9
BRF:0
BRH:0
end_of_record
TN:
SF:src/routes/userRouter.ts
FNF:0
FNH:0
DA:3,1
DA:5,1
DA:6,1
DA:8,1
DA:9,1
DA:11,1
LF:6
LH:6
BRF:0
BRH:0
end_of_record
TN:
SF:src/services/cars.ts
FN:8,(anonymous_10)
FN:12,(anonymous_11)
FN:16,(anonymous_13)
FN:20,(anonymous_15)
FN:24,(anonymous_17)
FN:28,(anonymous_19)
FNF:6
FNH:3
FNDA:2,(anonymous_10)
FNDA:1,(anonymous_11)
FNDA:1,(anonymous_13)
FNDA:0,(anonymous_15)
FNDA:0,(anonymous_17)
FNDA:0,(anonymous_19)
DA:2,1
DA:5,1
DA:6,2
DA:9,2
DA:13,1
DA:17,1
DA:21,0
DA:25,0
DA:29,0
LF:9
LH:6
BRF:0
BRH:0
end_of_record
TN:
SF:src/services/users.ts
FN:11,(anonymous_10)
FN:15,(anonymous_11)
FN:19,(anonymous_13)
FN:24,(anonymous_15)
FNF:4
FNH:2
FNDA:2,(anonymous_10)
FNDA:0,(anonymous_11)
FNDA:2,(anonymous_13)
FNDA:0,(anonymous_15)
DA:1,1
DA:8,1
DA:9,2
DA:12,2
DA:16,0
DA:20,2
DA:21,2
DA:25,0
LF:8
LH:6
BRDA:20,0,0,2
BRDA:20,0,1,0
BRF:2
BRH:1
end_of_record
TN:
SF:src/utilities/checkPassword.ts
FN:4,checkPassword
FN:5,(anonymous_1)
FN:6,(anonymous_2)
FNF:3
FNH:3
FNDA:2,checkPassword
FNDA:2,(anonymous_1)
FNDA:2,(anonymous_2)
DA:2,1
DA:5,2
DA:6,2
DA:7,2
DA:8,0
DA:9,0
DA:11,2
DA:16,1
LF:8
LH:6
BRDA:7,0,0,0
BRF:1
BRH:0
end_of_record
TN:
SF:src/utilities/encryptPassword.ts
FN:8,encryptPassword
FN:9,(anonymous_1)
FN:10,(anonymous_2)
FNF:3
FNH:0
FNDA:0,encryptPassword
FNDA:0,(anonymous_1)
FNDA:0,(anonymous_2)
DA:5,1
DA:6,1
DA:9,0
DA:10,0
DA:11,0
DA:12,0
DA:13,0
DA:15,0
DA:20,1
LF:9
LH:3
BRDA:11,0,0,0
BRF:1
BRH:0
end_of_record
